Arguments: 
  C:\Program Files\nodejs\node.exe C:\Users\ygorg\AppData\Roaming\npm\node_modules\yarn\bin\yarn.js add @supabase/supabase-js

PATH: 
  C:\Program Files (x86)\NVIDIA Corporation\PhysX\Common;C:\Python311\Scripts\;C:\Python311\;C:\WINDOWS\system32;C:\WINDOWS;C:\WINDOWS\System32\Wbem;C:\WINDOWS\System32\WindowsPowerShell\v1.0\;C:\WINDOWS\System32\OpenSSH\;C:\Program Files\dotnet\;C:\Program Files\Git\cmd;C:\Program Files\nodejs\;C:\ProgramData\chocolatey\bin;C:\Program Files\Docker\Docker\resources\bin;C:\PHP;C:\ProgramData\ComposerSetup\bin;C:\Users\ygorg\AppData\Local\Microsoft\WindowsApps;;C:\Users\ygorg\AppData\Local\Programs\Microsoft VS Code\bin;C:\Users\ygorg\AppData\Roaming\npm;C:\Users\ygorg\AppData\Roaming\Composer\vendor\bin

Yarn version: 
  1.22.19

Node version: 
  18.18.0

Platform: 
  win32 x64

Trace: 
  Error: EPERM: operation not permitted, unlink 'D:\GitHub\angular\to-do\node_modules\@rollup\rollup-win32-x64-msvc\rollup.win32-x64-msvc.node'

npm manifest: 
  {
    "name": "to-do",
    "version": "0.0.0",
    "scripts": {
      "ng": "ng",
      "start": "ng serve",
      "build": "ng build",
      "watch": "ng build --watch --configuration development",
      "test": "ng test"
    },
    "private": true,
    "dependencies": {
      "@angular/animations": "^17.2.0",
      "@angular/common": "^17.2.0",
      "@angular/compiler": "^17.2.0",
      "@angular/core": "^17.2.0",
      "@angular/forms": "^17.2.0",
      "@angular/platform-browser": "^17.2.0",
      "@angular/platform-browser-dynamic": "^17.2.0",
      "@angular/router": "^17.2.0",
      "rxjs": "~7.8.0",
      "tslib": "^2.3.0",
      "uuid": "^9.0.1",
      "zone.js": "~0.14.3"
    },
    "devDependencies": {
      "@angular-devkit/build-angular": "^17.2.0",
      "@angular/cli": "^17.2.0",
      "@angular/compiler-cli": "^17.2.0",
      "@types/jasmine": "~5.1.0",
      "@types/uuid": "^9.0.8",
      "jasmine-core": "~5.1.0",
      "karma": "~6.4.0",
      "karma-chrome-launcher": "~3.2.0",
      "karma-coverage": "~2.2.0",
      "karma-jasmine": "~5.1.0",
      "karma-jasmine-html-reporter": "~2.1.0",
      "prettier": "^3.2.5",
      "prettier-plugin-tailwindcss": "^0.5.12",
      "typescript": "~5.3.2"
    }
  }

yarn manifest: 
  No manifest

Lockfile: 
  No lockfile
